p/IMG_20210201_172224.jpg 1 0 0 4160 3120
p/IMG_20210201_172222.jpg 1 0 0 4160 3120
p/IMG_20210201_172223.jpg 1 0 0 4160 3120
p/IMG_20210201_172221.jpg 1 0 0 4160 3120
p/IMG_20210201_172220.jpg 1 0 0 4160 3120
p/IMG_20210201_172219.jpg 1 0 0 4160 3120
p/IMG_20210201_172218.jpg 1 0 0 4160 3120
p/IMG_20210201_172217.jpg 1 0 0 4160 3120
p/IMG_20210201_172216.jpg 1 0 0 4160 3120
p/IMG_20210201_172215.jpg 1 0 0 4160 3120
p/IMG_20210201_172213_1.jpg 1 0 0 4160 3120
p/IMG_20210201_172214.jpg 1 0 0 4160 3120
p/IMG_20210201_172213.jpg 1 0 0 4160 3120
p/IMG_20210201_172211_1.jpg 1 0 0 4160 3120
p/IMG_20210201_172211.jpg 1 0 0 4160 3120
p/IMG_20210201_172209.jpg 1 0 0 4160 3120
p/IMG_20210201_172210.jpg 1 0 0 4160 3120
p/IMG_20210201_172207.jpg 1 0 0 4160 3120
p/IMG_20210201_172208.jpg 1 0 0 4160 3120
p/IMG_20210201_172206_1.jpg 1 0 0 4160 3120
p/IMG_20210201_172206.jpg 1 0 0 4160 3120
p/IMG_20210201_172205.jpg 1 0 0 4160 3120
p/IMG_20210201_172202.jpg 1 0 0 4160 3120
p/IMG_20210201_172201.jpg 1 0 0 4160 3120
p/IMG_20210201_172159.jpg 1 0 0 4160 3120
p/IMG_20210201_172157.jpg 1 0 0 4160 3120
p/IMG_20210201_172154.jpg 1 0 0 4160 3120
p/IMG_20210201_172153.jpg 1 0 0 4160 3120
p/IMG_20210201_172152.jpg 1 0 0 4160 3120
p/IMG_20210201_172150.jpg 1 0 0 4160 3120
p/IMG_20210201_172149.jpg 1 0 0 4160 3120
p/IMG_20210201_172147_1.jpg 1 0 0 4160 3120
p/IMG_20210201_172147.jpg 1 0 0 4160 3120
p/IMG_20210201_172144.jpg 1 0 0 4160 3120
p/IMG_20210201_172139.jpg 1 0 0 4160 3120
p/IMG_20210201_172137.jpg 1 0 0 4160 3120
p/IMG_20210201_172135.jpg 1 0 0 4160 3120
p/IMG_20210201_172133.jpg 1 0 0 4160 3120
p/IMG_20210201_172131.jpg 1 0 0 4160 3120
p/IMG_20210201_172129_1.jpg 1 0 0 4160 3120
p/IMG_20210201_172129.jpg 1 0 0 4160 3120
p/IMG_20210201_172128.jpg 1 0 0 4160 3120
p/IMG_20210201_172124.jpg 1 0 0 4160 3120
p/IMG_20210201_172121.jpg 1 0 0 4160 3120